[roslaunch][INFO] 2016-12-02 02:21:00,949: Checking log directory for disk usage. This may take awhile.
Press Ctrl-C to interrupt
[roslaunch][INFO] 2016-12-02 02:21:00,952: Done checking log file disk usage. Usage is <1GB.
[roslaunch][INFO] 2016-12-02 02:21:00,953: roslaunch starting with args ['/opt/ros/indigo/bin/roslaunch', 'val_gazebo', 'spawn_urdf_model_from_robot_description.launch', 'modelName:=valkyrie', 'zOffset:=1.25', '__name:=urdf_spawner_MysticLakeLinux_14829_5811384326845736792', '__log:=/home/rmerriam/.ros/log/3e6788fa-b868-11e6-b1c8-000aeb63d763/urdf_spawner_MysticLakeLinux_14829_5811384326845736792-7.log']
[roslaunch][INFO] 2016-12-02 02:21:00,953: roslaunch env is {'MANDATORY_PATH': '/usr/share/gconf/gnome-fallback.mandatory.path', 'ROS_DISTRO': 'indigo', 'IM_CONFIG_PHASE': '1', 'XDG_GREETER_DATA_DIR': '/var/lib/lightdm-data/rmerriam', 'GNOME_DESKTOP_SESSION_ID': 'this-is-deprecated', 'OROCOS_TARGET': 'gnulinux', 'UPSTART_EVENTS': 'started starting', 'LESSOPEN': '| /usr/bin/lesspipe %s', 'PKG_CONFIG_PATH': '/opt/nasa/indigo/lib/pkgconfig:/opt/nasa/indigo/lib/x86_64-linux-gnu/pkgconfig:/opt/ros/indigo/lib/pkgconfig:/opt/ros/indigo/lib/x86_64-linux-gnu/pkgconfig', 'ROSLISP_PACKAGE_DIRECTORIES': '', 'CPATH': '/opt/nasa/indigo/include:/opt/ros/indigo/include', 'LOGNAME': 'rmerriam', 'USER': 'rmerriam', 'PATH': '/opt/nasa/indigo/bin:/opt/ros/indigo/bin:/home/rmerriam/bin:/usr/local/sbin:/usr/local/bin:/usr/sbin:/usr/bin:/sbin:/bin:/usr/games:/usr/local/games:/usr/lib/jvm/java-8-oracle/bin:/usr/lib/jvm/java-8-oracle/db/bin:/usr/lib/jvm/java-8-oracle/jre/bin', 'XDG_VTNR': '7', 'GNOME_KEYRING_CONTROL': '/run/user/1000/keyring-zLxZYL', 'CMAKE_PREFIX_PATH': '/opt/nasa/indigo:/opt/ros/indigo', 'LD_LIBRARY_PATH': '/opt/nasa/indigo/lib:/opt/nasa/indigo/lib/x86_64-linux-gnu:/opt/ros/indigo/lib:/opt/ros/indigo/lib/x86_64-linux-gnu', 'LANG': 'en_US.UTF-8', 'TERM': 'xterm', 'SHELL': '/bin/bash', 'XDG_SESSION_PATH': '/org/freedesktop/DisplayManager/Session0', 'XAUTHORITY': '/home/rmerriam/.Xauthority', 'LANGUAGE': 'en_US', 'UPSTART_INSTANCE': '', 'SHLVL': '3', 'LESSCLOSE': '/usr/bin/lesspipe %s %s', 'QT_QPA_PLATFORMTHEME': 'appmenu-qt5', 'JOB': 'gnome-session', 'ROS_LOG_FILENAME': '/home/rmerriam/.ros/log/3e6788fa-b868-11e6-b1c8-000aeb63d763/roslaunch-MysticLakeLinux-15835.log', 'JAVA_HOME': '/usr/lib/jvm/java-8-openjdk-amd64', 'CLUTTER_IM_MODULE': 'xim', 'WINDOWID': '60817419', '_': '/opt/ros/indigo/bin/roslaunch', 'RTT_COMPONENT_PATH': '/opt/nasa/indigo/lib/orocos:/opt/ros/indigo/lib/orocos', 'SESSIONTYPE': 'gnome-session', 'IS_GAZEBO': 'true', 'ROS_ETC_DIR': '/opt/ros/indigo/etc/ros', 'GPG_AGENT_INFO': '/run/user/1000/keyring-zLxZYL/gpg:0:1', 'LUA_PATH': '/opt/nasa/indigo/share/val_deploy/scripts/?.lua;/opt/nasa/indigo/share/lua/5.1/rttlua_completion/?.lua;/opt/nasa/indigo/share/val_deploy/scripts/?.lua;/opt/nasa/indigo/share/lua/5.1/rttlua_completion/?.lua;;;/opt/ros/indigo/share/lua/5.1/?.lua;/opt/ros/indigo/share/lua/5.1/?.lua;/opt/ros/indigo/share/lua/5.1/?.lua', 'QT4_IM_MODULE': 'xim', 'SELINUX_INIT': 'YES', 'XDG_RUNTIME_DIR': '/run/user/1000', 'INSTANCE': 'Unity', 'PYTHONPATH': '/opt/nasa/indigo/lib/python2.7/dist-packages:/opt/ros/indigo/lib/python2.7/dist-packages', 'HOME': '/home/rmerriam', 'SSH_AUTH_SOCK': '/run/user/1000/keyring-zLxZYL/ssh', 'LUA_CPATH': '/opt/nasa/indigo/share/lua/5.1/rttlua_completion/?.so;/opt/nasa/indigo/share/lua/5.1/rttlua_completion/?.so;;;/opt/ros/indigo/lib/lua/5.1/?.so;/opt/ros/indigo/lib/lua/5.1/?.so;/opt/ros/indigo/lib/lua/5.1/?.so', 'VTE_VERSION': '3409', 'J2REDIR': '/usr/lib/jvm/java-8-oracle/jre', 'ROS_ROOT': '/opt/ros/indigo/share/ros', 'GDMSESSION': 'gnome-fallback', 'XMODIFIERS': '@im=ibus', 'UPSTART_JOB': 'unity-settings-daemon', 'TEXTDOMAINDIR': '/usr/share/locale/', 'DESKTOP_SESSION': 'gnome-fallback', 'GNOME_KEYRING_PID': '2064', 'XDG_SEAT_PATH': '/org/freedesktop/DisplayManager/Seat0', 'ROS_PACKAGE_PATH': '/opt/nasa/indigo/share:/opt/nasa/indigo/stacks:/opt/ros/indigo/share:/opt/ros/indigo/stacks', 'XDG_CURRENT_DESKTOP': 'Unity', 'XDG_SESSION_ID': 'c2', 'DBUS_SESSION_BUS_ADDRESS': 'unix:abstract=/tmp/dbus-u9sG8jclBT', 'J2SDKDIR': '/usr/lib/jvm/java-8-oracle', 'DEFAULTS_PATH': '/usr/share/gconf/gnome-fallback.default.path', 'GTK_IM_MODULE': 'ibus', 'DERBY_HOME': '/usr/lib/jvm/java-8-oracle/db', 'UPSTART_SESSION': 'unix:abstract=/com/ubuntu/upstart-session/1000/2066', 'XDG_CONFIG_DIRS': '/etc/xdg/xdg-gnome-fallback:/usr/share/upstart/xdg:/etc/xdg', 'GTK_MODULES': 'overlay-scrollbar:unity-gtk-module', 'GDM_LANG': 'en_US', 'XDG_DATA_DIRS': '/usr/share/gnome-fallback:/usr/share/gnome:/usr/local/share/:/usr/share/', 'PWD': '/home/rmerriam/.ros', 'QT_IM_MODULE': 'ibus', 'ROS_MASTER_URI': 'http://localhost:11311', 'COLORTERM': 'gnome-terminal', 'TEXTDOMAIN': 'im-config', 'DISPLAY': ':0', 'LS_COLORS': 'rs=0:di=01;34:ln=01;36:mh=00:pi=40;33:so=01;35:do=01;35:bd=40;33;01:cd=40;33;01:or=40;31;01:su=37;41:sg=30;43:ca=30;41:tw=30;42:ow=34;42:st=37;44:ex=01;32:*.tar=01;31:*.tgz=01;31:*.arj=01;31:*.taz=01;31:*.lzh=01;31:*.lzma=01;31:*.tlz=01;31:*.txz=01;31:*.zip=01;31:*.z=01;31:*.Z=01;31:*.dz=01;31:*.gz=01;31:*.lz=01;31:*.xz=01;31:*.bz2=01;31:*.bz=01;31:*.tbz=01;31:*.tbz2=01;31:*.tz=01;31:*.deb=01;31:*.rpm=01;31:*.jar=01;31:*.war=01;31:*.ear=01;31:*.sar=01;31:*.rar=01;31:*.ace=01;31:*.zoo=01;31:*.cpio=01;31:*.7z=01;31:*.rz=01;31:*.jpg=01;35:*.jpeg=01;35:*.gif=01;35:*.bmp=01;35:*.pbm=01;35:*.pgm=01;35:*.ppm=01;35:*.tga=01;35:*.xbm=01;35:*.xpm=01;35:*.tif=01;35:*.tiff=01;35:*.png=01;35:*.svg=01;35:*.svgz=01;35:*.mng=01;35:*.pcx=01;35:*.mov=01;35:*.mpg=01;35:*.mpeg=01;35:*.m2v=01;35:*.mkv=01;35:*.webm=01;35:*.ogm=01;35:*.mp4=01;35:*.m4v=01;35:*.mp4v=01;35:*.vob=01;35:*.qt=01;35:*.nuv=01;35:*.wmv=01;35:*.asf=01;35:*.rm=01;35:*.rmvb=01;35:*.flc=01;35:*.avi=01;35:*.fli=01;35:*.flv=01;35:*.gl=01;35:*.dl=01;35:*.xcf=01;35:*.xwd=01;35:*.yuv=01;35:*.cgm=01;35:*.emf=01;35:*.axv=01;35:*.anx=01;35:*.ogv=01;35:*.ogx=01;35:*.aac=00;36:*.au=00;36:*.flac=00;36:*.mid=00;36:*.midi=00;36:*.mka=00;36:*.mp3=00;36:*.mpc=00;36:*.ogg=00;36:*.ra=00;36:*.wav=00;36:*.axa=00;36:*.oga=00;36:*.spx=00;36:*.xspf=00;36:', 'XDG_SEAT': 'seat0'}
[roslaunch][INFO] 2016-12-02 02:21:00,953: starting in server mode
[roslaunch.parent][INFO] 2016-12-02 02:21:00,954: starting roslaunch parent run
[roslaunch][INFO] 2016-12-02 02:21:00,954: loading roscore config file /opt/ros/indigo/etc/ros/roscore.xml
[roslaunch][INFO] 2016-12-02 02:21:01,073: Added core node of type [rosout/rosout] in namespace [/]
[roslaunch.config][INFO] 2016-12-02 02:21:01,073: loading config file /opt/nasa/indigo/share/val_gazebo/launch/spawn_urdf_model_from_robot_description.launch
[roslaunch][INFO] 2016-12-02 02:21:01,074: Added node of type [gazebo_ros/spawn_model] in namespace [/]
[roslaunch][INFO] 2016-12-02 02:21:01,074: ... selected machine [] for node of type [gazebo_ros/spawn_model]
[roslaunch.pmon][INFO] 2016-12-02 02:21:01,075: start_process_monitor: creating ProcessMonitor
[roslaunch.pmon][INFO] 2016-12-02 02:21:01,075: created process monitor <ProcessMonitor(ProcessMonitor-1, initial daemon)>
[roslaunch.pmon][INFO] 2016-12-02 02:21:01,075: start_process_monitor: ProcessMonitor started
[roslaunch.parent][INFO] 2016-12-02 02:21:01,076: starting parent XML-RPC server
[roslaunch.server][INFO] 2016-12-02 02:21:01,076: starting roslaunch XML-RPC server
[roslaunch.server][INFO] 2016-12-02 02:21:01,076: waiting for roslaunch XML-RPC server to initialize
[xmlrpc][INFO] 2016-12-02 02:21:01,076: XML-RPC server binding to 0.0.0.0:0
[xmlrpc][INFO] 2016-12-02 02:21:01,076: Started XML-RPC server [http://MysticLakeLinux:37485/]
[xmlrpc][INFO] 2016-12-02 02:21:01,076: xml rpc node: starting XML-RPC server
[roslaunch][INFO] 2016-12-02 02:21:01,088: started roslaunch server http://MysticLakeLinux:37485/
[roslaunch.parent][INFO] 2016-12-02 02:21:01,088: ... parent XML-RPC server started
[roslaunch][INFO] 2016-12-02 02:21:01,088: master.is_running[http://localhost:11311]
[roslaunch][INFO] 2016-12-02 02:21:01,089: master.is_running[http://localhost:11311]
[roslaunch][INFO] 2016-12-02 02:21:01,091: ROS_MASTER_URI=http://localhost:11311
[roslaunch][INFO] 2016-12-02 02:21:01,093: setting /roslaunch/uris/host_mysticlakelinux__37485' to http://MysticLakeLinux:37485/
[roslaunch][INFO] 2016-12-02 02:21:01,096: load_parameters starting ...
[roslaunch][INFO] 2016-12-02 02:21:01,102: ... load_parameters complete
[roslaunch][INFO] 2016-12-02 02:21:01,102: launch_nodes: launching local nodes ...
[roslaunch][INFO] 2016-12-02 02:21:01,102: ... preparing to launch node of type [gazebo_ros/spawn_model]
[roslaunch][INFO] 2016-12-02 02:21:01,102: create_node_process: package[gazebo_ros] type[spawn_model] machine[Machine(name[] env_loader[None] address[localhost] ssh_port[22] user[None] assignable[True] timeout[10.0])] master_uri[http://localhost:11311]
[roslaunch][INFO] 2016-12-02 02:21:01,103: process[urdf_spawner-1]: env[{'QT_QPA_PLATFORMTHEME': 'appmenu-qt5', 'ROS_DISTRO': 'indigo', 'XDG_GREETER_DATA_DIR': '/var/lib/lightdm-data/rmerriam', 'GNOME_DESKTOP_SESSION_ID': 'this-is-deprecated', 'OROCOS_TARGET': 'gnulinux', 'UPSTART_EVENTS': 'started starting', 'LESSOPEN': '| /usr/bin/lesspipe %s', 'XDG_SEAT_PATH': '/org/freedesktop/DisplayManager/Seat0', 'ROSLISP_PACKAGE_DIRECTORIES': '', 'CPATH': '/opt/nasa/indigo/include:/opt/ros/indigo/include', 'LOGNAME': 'rmerriam', 'USER': 'rmerriam', 'PATH': '/opt/nasa/indigo/bin:/opt/ros/indigo/bin:/home/rmerriam/bin:/usr/local/sbin:/usr/local/bin:/usr/sbin:/usr/bin:/sbin:/bin:/usr/games:/usr/local/games:/usr/lib/jvm/java-8-oracle/bin:/usr/lib/jvm/java-8-oracle/db/bin:/usr/lib/jvm/java-8-oracle/jre/bin', 'XDG_VTNR': '7', 'GNOME_KEYRING_CONTROL': '/run/user/1000/keyring-zLxZYL', 'CMAKE_PREFIX_PATH': '/opt/nasa/indigo:/opt/ros/indigo', 'LD_LIBRARY_PATH': '/opt/nasa/indigo/lib:/opt/nasa/indigo/lib/x86_64-linux-gnu:/opt/ros/indigo/lib:/opt/ros/indigo/lib/x86_64-linux-gnu', 'LANG': 'en_US.UTF-8', 'TERM': 'xterm', 'SHELL': '/bin/bash', 'XDG_SESSION_PATH': '/org/freedesktop/DisplayManager/Session0', 'XAUTHORITY': '/home/rmerriam/.Xauthority', 'LANGUAGE': 'en_US', 'SHLVL': '3', 'DISPLAY': ':0', 'MANDATORY_PATH': '/usr/share/gconf/gnome-fallback.mandatory.path', 'QT_IM_MODULE': 'ibus', 'CLUTTER_IM_MODULE': 'xim', 'ROS_LOG_FILENAME': '/home/rmerriam/.ros/log/3e6788fa-b868-11e6-b1c8-000aeb63d763/roslaunch-MysticLakeLinux-15835.log', 'UPSTART_INSTANCE': '', 'JOB': 'gnome-session', 'WINDOWID': '60817419', 'RTT_COMPONENT_PATH': '/opt/nasa/indigo/lib/orocos:/opt/ros/indigo/lib/orocos', 'SESSIONTYPE': 'gnome-session', 'IM_CONFIG_PHASE': '1', 'ROS_MASTER_URI': 'http://localhost:11311', 'JAVA_HOME': '/usr/lib/jvm/java-8-openjdk-amd64', 'LUA_PATH': '/opt/nasa/indigo/share/val_deploy/scripts/?.lua;/opt/nasa/indigo/share/lua/5.1/rttlua_completion/?.lua;/opt/nasa/indigo/share/val_deploy/scripts/?.lua;/opt/nasa/indigo/share/lua/5.1/rttlua_completion/?.lua;;;/opt/ros/indigo/share/lua/5.1/?.lua;/opt/ros/indigo/share/lua/5.1/?.lua;/opt/ros/indigo/share/lua/5.1/?.lua', 'J2SDKDIR': '/usr/lib/jvm/java-8-oracle', 'QT4_IM_MODULE': 'xim', 'SELINUX_INIT': 'YES', 'XDG_RUNTIME_DIR': '/run/user/1000', 'PYTHONPATH': '/opt/nasa/indigo/lib/python2.7/dist-packages:/opt/ros/indigo/lib/python2.7/dist-packages', 'HOME': '/home/rmerriam', 'SSH_AUTH_SOCK': '/run/user/1000/keyring-zLxZYL/ssh', 'LUA_CPATH': '/opt/nasa/indigo/share/lua/5.1/rttlua_completion/?.so;/opt/nasa/indigo/share/lua/5.1/rttlua_completion/?.so;;;/opt/ros/indigo/lib/lua/5.1/?.so;/opt/ros/indigo/lib/lua/5.1/?.so;/opt/ros/indigo/lib/lua/5.1/?.so', 'VTE_VERSION': '3409', 'ROS_ROOT': '/opt/ros/indigo/share/ros', 'GDMSESSION': 'gnome-fallback', 'IS_GAZEBO': 'true', 'UPSTART_JOB': 'unity-settings-daemon', 'TEXTDOMAINDIR': '/usr/share/locale/', 'XDG_DATA_DIRS': '/usr/share/gnome-fallback:/usr/share/gnome:/usr/local/share/:/usr/share/', 'PKG_CONFIG_PATH': '/opt/nasa/indigo/lib/pkgconfig:/opt/nasa/indigo/lib/x86_64-linux-gnu/pkgconfig:/opt/ros/indigo/lib/pkgconfig:/opt/ros/indigo/lib/x86_64-linux-gnu/pkgconfig', 'ROS_PACKAGE_PATH': '/opt/nasa/indigo/share:/opt/nasa/indigo/stacks:/opt/ros/indigo/share:/opt/ros/indigo/stacks', 'XDG_CURRENT_DESKTOP': 'Unity', 'XDG_SESSION_ID': 'c2', 'DBUS_SESSION_BUS_ADDRESS': 'unix:abstract=/tmp/dbus-u9sG8jclBT', '_': '/opt/ros/indigo/bin/roslaunch', 'DEFAULTS_PATH': '/usr/share/gconf/gnome-fallback.default.path', 'GTK_IM_MODULE': 'ibus', 'DESKTOP_SESSION': 'gnome-fallback', 'GPG_AGENT_INFO': '/run/user/1000/keyring-zLxZYL/gpg:0:1', 'LESSCLOSE': '/usr/bin/lesspipe %s %s', 'GNOME_KEYRING_PID': '2064', 'XDG_SEAT': 'seat0', 'LS_COLORS': 'rs=0:di=01;34:ln=01;36:mh=00:pi=40;33:so=01;35:do=01;35:bd=40;33;01:cd=40;33;01:or=40;31;01:su=37;41:sg=30;43:ca=30;41:tw=30;42:ow=34;42:st=37;44:ex=01;32:*.tar=01;31:*.tgz=01;31:*.arj=01;31:*.taz=01;31:*.lzh=01;31:*.lzma=01;31:*.tlz=01;31:*.txz=01;31:*.zip=01;31:*.z=01;31:*.Z=01;31:*.dz=01;31:*.gz=01;31:*.lz=01;31:*.xz=01;31:*.bz2=01;31:*.bz=01;31:*.tbz=01;31:*.tbz2=01;31:*.tz=01;31:*.deb=01;31:*.rpm=01;31:*.jar=01;31:*.war=01;31:*.ear=01;31:*.sar=01;31:*.rar=01;31:*.ace=01;31:*.zoo=01;31:*.cpio=01;31:*.7z=01;31:*.rz=01;31:*.jpg=01;35:*.jpeg=01;35:*.gif=01;35:*.bmp=01;35:*.pbm=01;35:*.pgm=01;35:*.ppm=01;35:*.tga=01;35:*.xbm=01;35:*.xpm=01;35:*.tif=01;35:*.tiff=01;35:*.png=01;35:*.svg=01;35:*.svgz=01;35:*.mng=01;35:*.pcx=01;35:*.mov=01;35:*.mpg=01;35:*.mpeg=01;35:*.m2v=01;35:*.mkv=01;35:*.webm=01;35:*.ogm=01;35:*.mp4=01;35:*.m4v=01;35:*.mp4v=01;35:*.vob=01;35:*.qt=01;35:*.nuv=01;35:*.wmv=01;35:*.asf=01;35:*.rm=01;35:*.rmvb=01;35:*.flc=01;35:*.avi=01;35:*.fli=01;35:*.flv=01;35:*.gl=01;35:*.dl=01;35:*.xcf=01;35:*.xwd=01;35:*.yuv=01;35:*.cgm=01;35:*.emf=01;35:*.axv=01;35:*.anx=01;35:*.ogv=01;35:*.ogx=01;35:*.aac=00;36:*.au=00;36:*.flac=00;36:*.mid=00;36:*.midi=00;36:*.mka=00;36:*.mp3=00;36:*.mpc=00;36:*.ogg=00;36:*.ra=00;36:*.wav=00;36:*.axa=00;36:*.oga=00;36:*.spx=00;36:*.xspf=00;36:', 'GDM_LANG': 'en_US', 'GTK_MODULES': 'overlay-scrollbar:unity-gtk-module', 'INSTANCE': 'Unity', 'PWD': '/home/rmerriam/.ros', 'DERBY_HOME': '/usr/lib/jvm/java-8-oracle/db', 'ROS_ETC_DIR': '/opt/ros/indigo/etc/ros', 'COLORTERM': 'gnome-terminal', 'TEXTDOMAIN': 'im-config', 'XDG_CONFIG_DIRS': '/etc/xdg/xdg-gnome-fallback:/usr/share/upstart/xdg:/etc/xdg', 'XMODIFIERS': '@im=ibus', 'J2REDIR': '/usr/lib/jvm/java-8-oracle/jre', 'UPSTART_SESSION': 'unix:abstract=/com/ubuntu/upstart-session/1000/2066'}]
[roslaunch][INFO] 2016-12-02 02:21:01,151: process[urdf_spawner-1]: args[[u'/opt/ros/indigo/lib/gazebo_ros/spawn_model', '-urdf', '-model', 'valkyrie', '-param', 'robot_description', '-x', '0', '-y', '0', '-z', '1.25', u'__name:=urdf_spawner']]
[roslaunch][INFO] 2016-12-02 02:21:01,151: ... created process [urdf_spawner-1]
[roslaunch.pmon][INFO] 2016-12-02 02:21:01,151: ProcessMonitor.register[urdf_spawner-1]
[roslaunch.pmon][INFO] 2016-12-02 02:21:01,151: ProcessMonitor.register[urdf_spawner-1] complete
[roslaunch][INFO] 2016-12-02 02:21:01,151: ... registered process [urdf_spawner-1]
[roslaunch][INFO] 2016-12-02 02:21:01,152: process[urdf_spawner-1]: starting os process
[roslaunch][INFO] 2016-12-02 02:21:01,152: process[urdf_spawner-1]: start w/ args [[u'/opt/ros/indigo/lib/gazebo_ros/spawn_model', '-urdf', '-model', 'valkyrie', '-param', 'robot_description', '-x', '0', '-y', '0', '-z', '1.25', u'__name:=urdf_spawner', u'__log:=/home/rmerriam/.ros/log/3e6788fa-b868-11e6-b1c8-000aeb63d763/urdf_spawner-1.log']]
[roslaunch][INFO] 2016-12-02 02:21:01,152: process[urdf_spawner-1]: cwd will be [/home/rmerriam/.ros]
[roslaunch][INFO] 2016-12-02 02:21:01,155: process[urdf_spawner-1]: started with pid [16139]
[roslaunch][INFO] 2016-12-02 02:21:01,156: ... successfully launched [urdf_spawner-1]
[roslaunch][INFO] 2016-12-02 02:21:01,156: ... launch_nodes complete
[roslaunch.pmon][INFO] 2016-12-02 02:21:01,156: registrations completed <ProcessMonitor(ProcessMonitor-1, started daemon 139975841720064)>
[roslaunch.parent][INFO] 2016-12-02 02:21:01,156: ... roslaunch parent running, waiting for process exit
[roslaunch][INFO] 2016-12-02 02:21:01,156: spin
[roslaunch][INFO] 2016-12-02 02:21:02,778: [urdf_spawner-1] process has finished cleanly
log file: /home/rmerriam/.ros/log/3e6788fa-b868-11e6-b1c8-000aeb63d763/urdf_spawner-1*.log
[roslaunch.pmon][INFO] 2016-12-02 02:21:02,778: ProcessMonitor.unregister[urdf_spawner-1] starting
[roslaunch.pmon][INFO] 2016-12-02 02:21:02,778: ProcessMonitor.unregister[urdf_spawner-1] complete
[roslaunch][INFO] 2016-12-02 02:21:02,778: all processes on machine have died, roslaunch will exit
[roslaunch.pmon][INFO] 2016-12-02 02:21:02,878: ProcessMonitor._post_run <ProcessMonitor(ProcessMonitor-1, started daemon 139975841720064)>
[roslaunch.pmon][INFO] 2016-12-02 02:21:02,879: ProcessMonitor._post_run <ProcessMonitor(ProcessMonitor-1, started daemon 139975841720064)>: remaining procs are []
[roslaunch.pmon][INFO] 2016-12-02 02:21:02,880: ProcessMonitor exit: cleaning up data structures and signals
[roslaunch.pmon][INFO] 2016-12-02 02:21:02,880: ProcessMonitor exit: pmon has shutdown
[roslaunch][INFO] 2016-12-02 02:21:02,959: process monitor is done spinning, initiating full shutdown
[roslaunch][INFO] 2016-12-02 02:21:02,959: runner.stop()
[roslaunch][INFO] 2016-12-02 02:21:02,959: shutting down processing monitor...
[roslaunch][INFO] 2016-12-02 02:21:02,959: shutting down processing monitor <ProcessMonitor(ProcessMonitor-1, stopped daemon 139975841720064)>
[roslaunch.pmon][INFO] 2016-12-02 02:21:02,960: ProcessMonitor.shutdown <ProcessMonitor(ProcessMonitor-1, stopped daemon 139975841720064)>
[roslaunch][INFO] 2016-12-02 02:21:02,960: ... shutting down processing monitor complete
[roslaunch][INFO] 2016-12-02 02:21:02,960: done
[roslaunch.pmon][INFO] 2016-12-02 02:21:02,960: ProcessMonitor.shutdown <ProcessMonitor(ProcessMonitor-1, stopped daemon 139975841720064)>
[rospy.core][INFO] 2016-12-02 02:21:02,960: signal_shutdown [atexit]
