# switch <light_index> <r> <g> <b> <a> <sim_sec> <sim_nsec>
# answer <x> <y> <z> <r> <g> <b> <sim_sec> <sim_nsec>
start 24 921000000
switch 44 1 1 1 1 24 922000000
switch 8 1 0 0 1 25 922000000
answer 2.76 0.375 -0.237305 1 0 0 26 187000000
switch 8 0 0 0 1 26 188000000
switch 24 0 0 1 1 27 188000000
answer 2.76 -0.429688 -0.313477 0 0 1 27 349000000
switch 24 0 0 0 1 27 350000000
switch 18 0 0 1 1 28 350000000
answer 2.76 -0.492188 -0.275391 0 0 1 28 556000000
switch 18 0 0 0 1 28 557000000
switch 8 0 1 0 1 29 557000000
answer 2.76 0.375 -0.237305 0 1 0 29 748000000
switch 8 0 0 0 1 29 749000000
switch 5 0 0 1 1 30 749000000
answer 2.76 0.472656 -0.307617 0 0 1 30 957000000
switch 5 0 0 0 1 30 958000000
switch 43 1 0 0 1 31 958000000
answer 2.45333 -0.350694 0.286458 1 0 0 32 152000000
switch 43 0 0 0 1 32 153000000
switch 1 0 0 1 1 33 153000000
answer 2.76 0.421875 -0.172852 0 0 1 33 340000000
switch 1 0 0 0 1 33 341000000
switch 25 0 1 0 1 34 341000000
answer 2.76 -0.246094 -0.164062 0 1 0 34 589000000
switch 25 0 0 0 1 34 590000000
switch 35 0 1 0 1 35 590000000
answer 2.76 -0.488281 -0.0556641 0 1 0 35 757000000
switch 35 0 0 0 1 35 758000000
switch 6 0 0 1 1 36 758000000
answer 2.76 0.355469 -0.172852 0 0 1 36 948000000
switch 6 0 0 0 1 36 949000000
switch 33 0 0 1 1 37 949000000
answer 2.76 0.375 -0.0117188 0 0 1 38 144000000
switch 33 0 0 0 1 38 144000000
switch 19 0 1 0 1 39 144000000
answer 2.76 -0.5 -0.310547 0 1 0 39 326000000
switch 19 0 0 0 1 39 326000000
switch 36 1 0 0 1 40 326000000
answer 2.76 -0.484375 -0.0146484 1 0 0 40 534000000
switch 36 0 0 0 1 40 535000000
switch 18 0 1 0 1 41 535000000
answer 2.76 -0.484375 -0.275391 0 1 0 41 745000000
switch 18 0 0 0 1 41 746000000
switch 21 0 0 1 1 42 746000000
answer 2.76 -0.394531 -0.205078 0 0 1 48 22000000
switch 21 0 0 0 1 48 23000000
switch 27 0 1 0 1 49 23000000
answer 2.76 -0.179688 -0.164062 0 1 0 49 244000000
switch 27 0 0 0 1 49 245000000
switch 25 1 0 0 1 50 245000000
answer 2.76 -0.246094 -0.164062 1 0 0 50 438000000
switch 25 0 0 0 1 50 439000000
switch 20 0 1 0 1 51 439000000
answer 2.76 -0.386719 -0.175781 0 1 0 51 650000000
switch 20 0 0 0 1 51 651000000
switch 32 1 0 0 1 52 651000000
answer 2.76 0.375 0.0292969 1 0 0 52 854000000
switch 32 0 0 0 1 52 855000000
switch 19 1 0 0 1 53 855000000
answer 2.64629 -0.479401 -0.297753 1 0 0 54 42000000
switch 19 0 0 0 1 54 42000000
switch 44 0 0 0 1 59 42000000
